<?xml version="1.0" encoding="UTF-8"?>
<!-- Generated by org.testng.reporters.JUnitReportReporter -->
<testsuite skipped="0" hostname="RAMESH-PC" name="com.test.scripts.TestScripts_002" tests="1" failures="0" timestamp="20 Dec 2017 02:46:21 GMT" time="182.270" errors="0">
  <testcase name="TestTaskTwo" time="182.270" classname="com.test.scripts.TestScripts_002"/>
</testsuite> <!-- com.test.scripts.TestScripts_002 -->
