<?xml version="1.0" encoding="UTF-8"?>
<!-- Generated by org.testng.reporters.JUnitReportReporter -->
<testsuite skipped="0" hostname="RAMESH-PC" name="com.test.scripts.TestScripts_003" tests="1" failures="0" timestamp="16 Dec 2017 10:30:16 GMT" time="186.454" errors="0">
  <testcase name="TestTaskOne" time="186.454" classname="com.test.scripts.TestScripts_003"/>
</testsuite> <!-- com.test.scripts.TestScripts_003 -->
