<?xml version="1.0" encoding="UTF-8"?>
<!-- Generated by org.testng.reporters.JUnitReportReporter -->
<testsuite skipped="0" hostname="RAMESH-PC" name="com.test.scripts.TestScripts" tests="1" failures="0" timestamp="10 Dec 2017 13:20:31 GMT" time="100.895" errors="0">
  <testcase name="TestTaskOne" time="100.895" classname="com.test.scripts.TestScripts"/>
</testsuite> <!-- com.test.scripts.TestScripts -->
