<?xml version="1.0" encoding="UTF-8"?>
<!-- Generated by org.testng.reporters.JUnitReportReporter -->
<testsuite skipped="0" hostname="RAMESH-PC" name="com.test.scripts.TestScripts_004" tests="1" failures="0" timestamp="16 Dec 2017 10:30:16 GMT" time="139.147" errors="0">
  <testcase name="TestTaskOne" time="139.147" classname="com.test.scripts.TestScripts_004"/>
</testsuite> <!-- com.test.scripts.TestScripts_004 -->
