<?xml version="1.0" encoding="UTF-8"?>
<!-- Generated by org.testng.reporters.JUnitReportReporter -->
<testsuite skipped="0" hostname="RAMESH-PC" name="com.test.scripts.TestScripts_001" tests="1" failures="0" timestamp="20 Dec 2017 02:46:21 GMT" time="137.294" errors="0">
  <testcase name="TestTaskOne" time="137.294" classname="com.test.scripts.TestScripts_001"/>
</testsuite> <!-- com.test.scripts.TestScripts_001 -->
