<?xml version="1.0" encoding="UTF-8"?>
<!-- Generated by org.testng.reporters.JUnitReportReporter -->
<testsuite skipped="0" hostname="DheerajKumarG.local" name="com.test.scripts.TestScripts" tests="1" failures="0" timestamp="24 Nov 2017 06:16:46 GMT" time="46.773" errors="0">
  <testcase name="TestTaskOne" time="46.773" classname="com.test.scripts.TestScripts"/>
</testsuite> <!-- com.test.scripts.TestScripts -->
